<?xml version="1.0" encoding="UTF-8"?>
<!-- Generated by org.testng.reporters.JUnitXMLReporter -->
<testsuite hostname="WFMAC22.local" ignored="0" name="Default test" tests="2" failures="0" timestamp="08 Jun 2018 16:22:50 GMT" time="3.397" errors="0">
  <testcase name="quoteGLCReceivingBankBarclaysTest" time="2.1" classname="com.worldfirst.it.receivingBankTest.USCCitiBankTest"/>
  <testcase name="bookGLCReceivingBankBarclaysTest" time="0.218" classname="com.worldfirst.it.receivingBankTest.USCCitiBankTest"/>
</testsuite> <!-- Default test -->
