<?xml version="1.0" encoding="UTF-8"?>
<!-- Generated by org.testng.reporters.JUnitXMLReporter -->
<testsuite hostname="WFMAC22.local" ignored="0" name="Default test" tests="2" failures="0" timestamp="08 Jun 2018 15:09:48 GMT" time="3.634" errors="0">
  <testcase name="requestAQuoteTest" time="2.343" classname="com.worldfirst.it.fundsInToRecipients.QuoteAndBookTest"/>
  <testcase name="bookAQuoteTest" time="0.239" classname="com.worldfirst.it.fundsInToRecipients.QuoteAndBookTest"/>
</testsuite> <!-- Default test -->
