<?xml version="1.0" encoding="UTF-8"?>
<!-- Generated by org.testng.reporters.JUnitXMLReporter -->
<testsuite hostname="WFMAC22.local" ignored="0" name="RestAssured SanityTest" tests="21" failures="0" timestamp="25 Jun 2018 07:59:02 GMT" time="18.045" errors="0">
  <testcase name="quoteGLCBarclaysTest" time="2.621" classname="com.worldfirst.it.receivingBankTest.GLCBarclaysTest"/>
  <testcase name="bookGLCBarclaysTest" time="0.403" classname="com.worldfirst.it.receivingBankTest.GLCBarclaysTest"/>
  <testcase name="quoteGLPBarclaysTest" time="1.036" classname="com.worldfirst.it.receivingBankTest.GLPBarclaysTest"/>
  <testcase name="bookGLPBarclaysTest" time="0.378" classname="com.worldfirst.it.receivingBankTest.GLPBarclaysTest"/>
  <testcase name="quoteGLZBarclaysTest" time="0.945" classname="com.worldfirst.it.receivingBankTest.GLZBarclaysTest"/>
  <testcase name="bookGLZBarclaysTest" time="0.951" classname="com.worldfirst.it.receivingBankTest.GLZBarclaysTest"/>
  <testcase name="quoteGLPCitiBankTest" time="1.047" classname="com.worldfirst.it.receivingBankTest.GLPCitiBankTest"/>
  <testcase name="bookGLPCitiBankTest" time="0.435" classname="com.worldfirst.it.receivingBankTest.GLPCitiBankTest"/>
  <testcase name="quoteUSCCitiBankTest" time="1.022" classname="com.worldfirst.it.receivingBankTest.USCCitiBankTest"/>
  <testcase name="bookUSCCitiBankTest" time="0.391" classname="com.worldfirst.it.receivingBankTest.USCCitiBankTest"/>
  <testcase name="quoteGLZCitiBankTest" time="1.727" classname="com.worldfirst.it.receivingBankTest.GLZCitiBankTest"/>
  <testcase name="bookGLZCitiBankTest" time="0.723" classname="com.worldfirst.it.receivingBankTest.GLZCitiBankTest"/>
  <testcase name="InverseRateEqualsAppliedRate" time="1.46" classname="com.worldfirst.it.fundsInToRecipients.InverseRateEqualsAppliedRateTest"/>
  <testcase name="requestAQuoteTest" time="1.107" classname="com.worldfirst.it.fundsInToRecipients.QuoteAndBookTest"/>
  <testcase name="bookAQuoteTest" time="0.368" classname="com.worldfirst.it.fundsInToRecipients.QuoteAndBookTest"/>
  <testcase name="USClientSendsAUDTest" time="0.385" classname="com.worldfirst.it.settlementMethods.USClientSendingVariousCurrencies"/>
  <testcase name="USClientSendsCADTest" time="0.348" classname="com.worldfirst.it.settlementMethods.USClientSendingVariousCurrencies"/>
  <testcase name="USClientSendsEURTest" time="0.367" classname="com.worldfirst.it.settlementMethods.USClientSendingVariousCurrencies"/>
  <testcase name="USClientSendsGBPTest" time="0.562" classname="com.worldfirst.it.settlementMethods.USClientSendingVariousCurrencies"/>
  <testcase name="USClientSendsPLNTest" time="0.284" classname="com.worldfirst.it.settlementMethods.USClientSendingVariousCurrencies"/>
  <testcase name="USClientSendsUSDTest" time="0.331" classname="com.worldfirst.it.settlementMethods.USClientSendingVariousCurrencies"/>
</testsuite> <!-- RestAssured SanityTest -->
