<?xml version="1.0" encoding="UTF-8"?>
<!-- Generated by org.testng.reporters.JUnitXMLReporter -->
<testsuite hostname="WFMAC22.local" ignored="0" name="RestAssured SanityTest" tests="21" failures="0" timestamp="08 Jun 2018 16:36:40 GMT" time="13.143" errors="0">
  <testcase name="quoteGLCBarclaysTest" time="2.914" classname="com.worldfirst.it.receivingBankTest.GLCBarclaysTest"/>
  <testcase name="bookGLCBarclaysTest" time="0.266" classname="com.worldfirst.it.receivingBankTest.GLCBarclaysTest"/>
  <testcase name="quoteGLPBarclaysTest" time="0.737" classname="com.worldfirst.it.receivingBankTest.GLPBarclaysTest"/>
  <testcase name="bookGLPBarclaysTest" time="0.223" classname="com.worldfirst.it.receivingBankTest.GLPBarclaysTest"/>
  <testcase name="quoteGLZBarclaysTest" time="0.745" classname="com.worldfirst.it.receivingBankTest.GLZBarclaysTest"/>
  <testcase name="bookGLZBarclaysTest" time="0.46" classname="com.worldfirst.it.receivingBankTest.GLZBarclaysTest"/>
  <testcase name="quoteGLPCitiBankTest" time="0.791" classname="com.worldfirst.it.receivingBankTest.GLPCitiBankTest"/>
  <testcase name="bookGLPCitiBankTest" time="0.24" classname="com.worldfirst.it.receivingBankTest.GLPCitiBankTest"/>
  <testcase name="quoteUSCCitiBankTest" time="0.716" classname="com.worldfirst.it.receivingBankTest.USCCitiBankTest"/>
  <testcase name="bookUSCCitiBankTest" time="0.205" classname="com.worldfirst.it.receivingBankTest.USCCitiBankTest"/>
  <testcase name="quoteGLZCitiBankTest" time="0.828" classname="com.worldfirst.it.receivingBankTest.GLZCitiBankTest"/>
  <testcase name="bookGLZCitiBankTest" time="0.554" classname="com.worldfirst.it.receivingBankTest.GLZCitiBankTest"/>
  <testcase name="InverseRateEqualsAppliedRate" time="0.894" classname="com.worldfirst.it.fundsInToRecipients.InverseRateEqualsAppliedRateTest"/>
  <testcase name="requestAQuoteTest" time="0.818" classname="com.worldfirst.it.fundsInToRecipients.QuoteAndBookTest"/>
  <testcase name="bookAQuoteTest" time="0.222" classname="com.worldfirst.it.fundsInToRecipients.QuoteAndBookTest"/>
  <testcase name="USClientSendsAUDTest" time="0.277" classname="com.worldfirst.it.settlementMethods.USClientSendingVariousCurrencies"/>
  <testcase name="USClientSendsCADTest" time="0.222" classname="com.worldfirst.it.settlementMethods.USClientSendingVariousCurrencies"/>
  <testcase name="USClientSendsEURTest" time="0.176" classname="com.worldfirst.it.settlementMethods.USClientSendingVariousCurrencies"/>
  <testcase name="USClientSendsGBPTest" time="0.182" classname="com.worldfirst.it.settlementMethods.USClientSendingVariousCurrencies"/>
  <testcase name="USClientSendsPLNTest" time="0.146" classname="com.worldfirst.it.settlementMethods.USClientSendingVariousCurrencies"/>
  <testcase name="USClientSendsUSDTest" time="0.188" classname="com.worldfirst.it.settlementMethods.USClientSendingVariousCurrencies"/>
</testsuite> <!-- RestAssured SanityTest -->
